IQ-TREE multicore version 2.2.0-beta COVID-edition for Mac OS X 64-bit built Dec 21 2021 built Dec 21 2021
Developed by Bui Quang Minh, James Barbetti, Nguyen Lam Tung,
Olga Chernomor, Heiko Schmidt, Dominik Schrempf, Michael Woodhams, Ly Trong Nhan.

Host:    GYs-MacBook-Pro.local (AVX2, FMA3, 16 GB RAM)
Command: iqtree2 -ninit 2 -n 2 -me 0.05 -nt 2 -s results/global/masked_masked-delim.fasta -m GTR -ninit 10 -n 4
Seed:    560375 (Using SPRNG - Scalable Parallel Random Number Generator)
Time:    Sat Dec 25 08:24:46 2021
Kernel:  AVX+FMA - 2 threads (4 CPU cores detected)

Reading alignment file results/global/masked_masked-delim.fasta ... Fasta format detected
Reading fasta file: done in 0.087244 secs using 93.47% CPU
Alignment most likely contains DNA/RNA sequences
Constructing alignment: done in 0.050364 secs using 177.3% CPU
WARNING: 157 sites contain only gaps or ambiguous characters.
Alignment has 151 sequences with 29903 columns, 1137 distinct patterns
63 parsimony-informative, 232 singleton sites, 29608 constant sites
                                                                                                                  Gap/Ambiguity  Composition  p-value
Analyzing sequences: done in 0.000300884 secs using 175.2% CPU
   1  Wuhan_DELIM-OEXCUYUWYZEOBENTKBRK_Hu-1_DELIM-OEXCUYUWYZEOBENTKBRK_2019                                               0.53%    passed     99.98%
   2  Wuhan_DELIM-OEXCUYUWYZEOBENTKBRK_WH01_DELIM-OEXCUYUWYZEOBENTKBRK_2019                                               0.53%    passed     99.98%
   3  Australia_DELIM-OEXCUYUWYZEOBENTKBRK_VIC05_DELIM-OEXCUYUWYZEOBENTKBRK_2020                                          1.34%    passed     99.91%
   4  Australia_DELIM-OEXCUYUWYZEOBENTKBRK_VIC1018_DELIM-OEXCUYUWYZEOBENTKBRK_2020                                        1.15%    passed     99.99%
   5  Australia_DELIM-OEXCUYUWYZEOBENTKBRK_VIC1045_DELIM-OEXCUYUWYZEOBENTKBRK_2020                                        1.32%    passed     99.94%
   6  Australia_DELIM-OEXCUYUWYZEOBENTKBRK_VIC1038_DELIM-OEXCUYUWYZEOBENTKBRK_2020                                        2.16%    passed     99.33%
   7  Australia_DELIM-OEXCUYUWYZEOBENTKBRK_VIC1062_DELIM-OEXCUYUWYZEOBENTKBRK_2020                                        0.53%    passed    100.00%
   8  Australia_DELIM-OEXCUYUWYZEOBENTKBRK_VIC1048_DELIM-OEXCUYUWYZEOBENTKBRK_2020                                        1.47%    passed     99.96%
   9  Australia_DELIM-OEXCUYUWYZEOBENTKBRK_VIC1120_DELIM-OEXCUYUWYZEOBENTKBRK_2020                                        6.07%    passed     96.81%
  10  Australia_DELIM-OEXCUYUWYZEOBENTKBRK_VIC1135_DELIM-OEXCUYUWYZEOBENTKBRK_2020                                        0.53%    passed    100.00%
  11  Australia_DELIM-OEXCUYUWYZEOBENTKBRK_VIC1139_DELIM-OEXCUYUWYZEOBENTKBRK_2020                                        1.14%    passed    100.00%
  12  Australia_DELIM-OEXCUYUWYZEOBENTKBRK_VIC1186_DELIM-OEXCUYUWYZEOBENTKBRK_2020                                        2.01%    passed     99.32%
  13  Australia_DELIM-OEXCUYUWYZEOBENTKBRK_VIC1208_DELIM-OEXCUYUWYZEOBENTKBRK_2020                                        1.20%    passed     99.97%
  14  Australia_DELIM-OEXCUYUWYZEOBENTKBRK_VIC1175_DELIM-OEXCUYUWYZEOBENTKBRK_2020                                        2.29%    passed     99.88%
  15  Australia_DELIM-OEXCUYUWYZEOBENTKBRK_VIC1251_DELIM-OEXCUYUWYZEOBENTKBRK_2020                                        6.03%    passed     94.56%
  16  Australia_DELIM-OEXCUYUWYZEOBENTKBRK_VIC127_DELIM-OEXCUYUWYZEOBENTKBRK_2020                                         1.46%    passed     99.96%
  17  Australia_DELIM-OEXCUYUWYZEOBENTKBRK_VIC14_DELIM-OEXCUYUWYZEOBENTKBRK_2020                                          2.29%    passed     99.97%
  18  Australia_DELIM-OEXCUYUWYZEOBENTKBRK_VIC259_DELIM-OEXCUYUWYZEOBENTKBRK_2020                                         0.57%    passed    100.00%
  19  Australia_DELIM-OEXCUYUWYZEOBENTKBRK_VIC312_DELIM-OEXCUYUWYZEOBENTKBRK_2020                                         0.57%    passed    100.00%
  20  Australia_DELIM-OEXCUYUWYZEOBENTKBRK_VIC302_DELIM-OEXCUYUWYZEOBENTKBRK_2020                                         0.54%    passed    100.00%
  21  Australia_DELIM-OEXCUYUWYZEOBENTKBRK_VIC385_DELIM-OEXCUYUWYZEOBENTKBRK_2020                                         0.80%    passed     93.61%
  22  Australia_DELIM-OEXCUYUWYZEOBENTKBRK_VIC329_DELIM-OEXCUYUWYZEOBENTKBRK_2020                                         1.47%    passed     99.42%
  23  Australia_DELIM-OEXCUYUWYZEOBENTKBRK_VIC47_DELIM-OEXCUYUWYZEOBENTKBRK_2020                                          0.56%    passed     99.99%
  24  Australia_DELIM-OEXCUYUWYZEOBENTKBRK_VIC498_DELIM-OEXCUYUWYZEOBENTKBRK_2020                                         0.75%    passed     96.34%
  25  Australia_DELIM-OEXCUYUWYZEOBENTKBRK_VIC534_DELIM-OEXCUYUWYZEOBENTKBRK_2020                                         2.10%    passed     99.14%
  26  Australia_DELIM-OEXCUYUWYZEOBENTKBRK_VIC616_DELIM-OEXCUYUWYZEOBENTKBRK_2020                                         7.81%    passed     90.78%
  27  Australia_DELIM-OEXCUYUWYZEOBENTKBRK_VIC645_DELIM-OEXCUYUWYZEOBENTKBRK_2020                                         0.56%    passed     99.99%
  28  Australia_DELIM-OEXCUYUWYZEOBENTKBRK_VIC716_DELIM-OEXCUYUWYZEOBENTKBRK_2020                                         1.16%    passed     99.99%
  29  Australia_DELIM-OEXCUYUWYZEOBENTKBRK_VIC73_DELIM-OEXCUYUWYZEOBENTKBRK_2020                                          0.53%    passed     99.99%
  30  Australia_DELIM-OEXCUYUWYZEOBENTKBRK_VIC734_DELIM-OEXCUYUWYZEOBENTKBRK_2020                                         1.15%    passed     99.98%
  31  Australia_DELIM-OEXCUYUWYZEOBENTKBRK_VIC797_DELIM-OEXCUYUWYZEOBENTKBRK_2020                                         1.66%    passed     99.72%
  32  Australia_DELIM-OEXCUYUWYZEOBENTKBRK_VIC771_DELIM-OEXCUYUWYZEOBENTKBRK_2020                                         3.77%    passed     97.01%
  33  Australia_DELIM-OEXCUYUWYZEOBENTKBRK_VIC803_DELIM-OEXCUYUWYZEOBENTKBRK_2020                                         2.46%    passed     97.56%
  34  Australia_DELIM-OEXCUYUWYZEOBENTKBRK_VIC800_DELIM-OEXCUYUWYZEOBENTKBRK_2020                                         1.19%    passed     99.97%
  35  Australia_DELIM-OEXCUYUWYZEOBENTKBRK_VIC824_DELIM-OEXCUYUWYZEOBENTKBRK_2020                                         0.54%    passed    100.00%
  36  Australia_DELIM-OEXCUYUWYZEOBENTKBRK_VIC851_DELIM-OEXCUYUWYZEOBENTKBRK_2020                                         2.31%    passed     99.79%
  37  Australia_DELIM-OEXCUYUWYZEOBENTKBRK_VIC927_DELIM-OEXCUYUWYZEOBENTKBRK_2020                                         1.36%    passed     99.88%
  38  Australia_DELIM-OEXCUYUWYZEOBENTKBRK_VIC962_DELIM-OEXCUYUWYZEOBENTKBRK_2020                                         3.54%    passed     97.75%
  39  Australia_DELIM-OEXCUYUWYZEOBENTKBRK_VIC969_DELIM-OEXCUYUWYZEOBENTKBRK_2020                                         6.68%    passed     93.31%
  40  Australia_DELIM-OEXCUYUWYZEOBENTKBRK_VIC975_DELIM-OEXCUYUWYZEOBENTKBRK_2020                                         1.17%    passed     99.96%
  41  China_DELIM-OEXCUYUWYZEOBENTKBRK_Beijing_IME-BJ05_DELIM-OEXCUYUWYZEOBENTKBRK_2020                                   0.53%    passed    100.00%
  42  China_DELIM-OEXCUYUWYZEOBENTKBRK_WHUHnCoV020_DELIM-OEXCUYUWYZEOBENTKBRK_2020                                        0.94%    passed     99.96%
  43  China_DELIM-OEXCUYUWYZEOBENTKBRK_Wuhan_YB012611_DELIM-OEXCUYUWYZEOBENTKBRK_2020                                     0.53%    passed     99.95%
  44  ENV_DELIM-OEXCUYUWYZEOBENTKBRK_USA_DELIM-OEXCUYUWYZEOBENTKBRK_UF-11_DELIM-OEXCUYUWYZEOBENTKBRK_2020                 0.53%    passed     99.99%
  45  France_DELIM-OEXCUYUWYZEOBENTKBRK_10006HC_DELIM-OEXCUYUWYZEOBENTKBRK_2020                                           0.53%    passed    100.00%
  46  France_DELIM-OEXCUYUWYZEOBENTKBRK_10015BY_DELIM-OEXCUYUWYZEOBENTKBRK_2020                                           0.53%    passed    100.00%
  47  France_DELIM-OEXCUYUWYZEOBENTKBRK_10023FD_DELIM-OEXCUYUWYZEOBENTKBRK_2020                                           0.53%    passed    100.00%
  48  France_DELIM-OEXCUYUWYZEOBENTKBRK_10045DZ_DELIM-OEXCUYUWYZEOBENTKBRK_2020                                           0.53%    passed    100.00%
  49  France_DELIM-OEXCUYUWYZEOBENTKBRK_10041MR_DELIM-OEXCUYUWYZEOBENTKBRK_2020                                           0.53%    passed    100.00%
  50  France_DELIM-OEXCUYUWYZEOBENTKBRK_10060KV_DELIM-OEXCUYUWYZEOBENTKBRK_2020                                           0.53%    passed     99.98%
  51  France_DELIM-OEXCUYUWYZEOBENTKBRK_10068ND_DELIM-OEXCUYUWYZEOBENTKBRK_2020                                           0.53%    passed     99.99%
  52  France_DELIM-OEXCUYUWYZEOBENTKBRK_10078MA_DELIM-OEXCUYUWYZEOBENTKBRK_2020                                           0.53%    passed    100.00%
  53  France_DELIM-OEXCUYUWYZEOBENTKBRK_40003KA_DELIM-OEXCUYUWYZEOBENTKBRK_2020                                           0.53%    passed    100.00%
  54  Germany_DELIM-OEXCUYUWYZEOBENTKBRK_BavPat1-ChVir929_DELIM-OEXCUYUWYZEOBENTKBRK_2020                                 0.58%    passed     99.99%
  55  France_DELIM-OEXCUYUWYZEOBENTKBRK_50001AR_DELIM-OEXCUYUWYZEOBENTKBRK_2020                                           0.53%    passed     99.99%
  56  Greece_DELIM-OEXCUYUWYZEOBENTKBRK_139_32716_DELIM-OEXCUYUWYZEOBENTKBRK_2020                                         0.56%    passed     99.99%
  57  Germany_DELIM-OEXCUYUWYZEOBENTKBRK_BavPat3-ChVir1020_DELIM-OEXCUYUWYZEOBENTKBRK_2020                                0.53%    passed     99.99%
  58  Greece_DELIM-OEXCUYUWYZEOBENTKBRK_222_33921_DELIM-OEXCUYUWYZEOBENTKBRK_2020                                         0.69%    passed     99.97%
  59  Greece_DELIM-OEXCUYUWYZEOBENTKBRK_209_33926_DELIM-OEXCUYUWYZEOBENTKBRK_2020                                         0.67%    passed     99.94%
  60  Greece_DELIM-OEXCUYUWYZEOBENTKBRK_226_35576_DELIM-OEXCUYUWYZEOBENTKBRK_2020                                         0.56%    passed     99.99%
  61  Greece_DELIM-OEXCUYUWYZEOBENTKBRK_227_35969_DELIM-OEXCUYUWYZEOBENTKBRK_2020                                         0.62%    passed     99.97%
  62  Greece_DELIM-OEXCUYUWYZEOBENTKBRK_246_32206_DELIM-OEXCUYUWYZEOBENTKBRK_2020                                         0.56%    passed    100.00%
  63  Greece_DELIM-OEXCUYUWYZEOBENTKBRK_248_32261_DELIM-OEXCUYUWYZEOBENTKBRK_2020                                         0.56%    passed     99.99%
  64  Greece_DELIM-OEXCUYUWYZEOBENTKBRK_259_31928_DELIM-OEXCUYUWYZEOBENTKBRK_2020                                         0.56%    passed     99.99%
  65  Greece_DELIM-OEXCUYUWYZEOBENTKBRK_37_35684_DELIM-OEXCUYUWYZEOBENTKBRK_2020                                          0.56%    passed     99.99%
  66  Greece_DELIM-OEXCUYUWYZEOBENTKBRK_41_36861_DELIM-OEXCUYUWYZEOBENTKBRK_2020                                          0.56%    passed    100.00%
  67  Guam_DELIM-OEXCUYUWYZEOBENTKBRK_GU-NHG-01_DELIM-OEXCUYUWYZEOBENTKBRK_2020                                           0.53%    passed    100.00%
  68  India_DELIM-OEXCUYUWYZEOBENTKBRK_GBRC14_DELIM-OEXCUYUWYZEOBENTKBRK_2020                                             1.07%    passed     99.97%
  69  Hangzhou_DELIM-OEXCUYUWYZEOBENTKBRK_HZ-1_DELIM-OEXCUYUWYZEOBENTKBRK_2020                                            0.58%    passed     99.97%
  70  India_DELIM-OEXCUYUWYZEOBENTKBRK_GBRC20_DELIM-OEXCUYUWYZEOBENTKBRK_2020                                             0.56%    passed    100.00%
  71  India_DELIM-OEXCUYUWYZEOBENTKBRK_GBRC21_DELIM-OEXCUYUWYZEOBENTKBRK_2020                                             0.73%    passed     99.97%
  72  India_DELIM-OEXCUYUWYZEOBENTKBRK_GBRC26_DELIM-OEXCUYUWYZEOBENTKBRK_2020                                             0.67%    passed     99.99%
  73  India_DELIM-OEXCUYUWYZEOBENTKBRK_GBRC29_DELIM-OEXCUYUWYZEOBENTKBRK_2020                                             0.56%    passed     99.99%
  74  India_DELIM-OEXCUYUWYZEOBENTKBRK_GBRC51_DELIM-OEXCUYUWYZEOBENTKBRK_2020                                             0.56%    passed    100.00%
  75  India_DELIM-OEXCUYUWYZEOBENTKBRK_GBRC56a_DELIM-OEXCUYUWYZEOBENTKBRK_2020                                            0.56%    passed    100.00%
  76  India_DELIM-OEXCUYUWYZEOBENTKBRK_GBRC8_DELIM-OEXCUYUWYZEOBENTKBRK_2020                                              0.56%    passed    100.00%
  77  India_DELIM-OEXCUYUWYZEOBENTKBRK_GBRC85_DELIM-OEXCUYUWYZEOBENTKBRK_2020                                             0.56%    passed    100.00%
  78  India_DELIM-OEXCUYUWYZEOBENTKBRK_GBRC88a_DELIM-OEXCUYUWYZEOBENTKBRK_2020                                            0.56%    passed     99.99%
  79  India_DELIM-OEXCUYUWYZEOBENTKBRK_GBRC9_DELIM-OEXCUYUWYZEOBENTKBRK_2020                                              0.70%    passed     99.96%
  80  India_DELIM-OEXCUYUWYZEOBENTKBRK_GBRC96_DELIM-OEXCUYUWYZEOBENTKBRK_2020                                             0.81%    passed     99.95%
  81  India_DELIM-OEXCUYUWYZEOBENTKBRK_GBRC97a_DELIM-OEXCUYUWYZEOBENTKBRK_2020                                            0.56%    passed    100.00%
  82  India_DELIM-OEXCUYUWYZEOBENTKBRK_GMC-KP1125_DELIM-OEXCUYUWYZEOBENTKBRK_2020                                         0.53%    passed    100.00%
  83  India_DELIM-OEXCUYUWYZEOBENTKBRK_GMCKN318_DELIM-OEXCUYUWYZEOBENTKBRK_2020                                           0.53%    passed    100.00%
  84  India_DELIM-OEXCUYUWYZEOBENTKBRK_nimh-2873_DELIM-OEXCUYUWYZEOBENTKBRK_2020                                          2.19%    passed     99.95%
  85  India_DELIM-OEXCUYUWYZEOBENTKBRK_GMCTC469_DELIM-OEXCUYUWYZEOBENTKBRK_2020                                           0.53%    passed    100.00%
  86  India_DELIM-OEXCUYUWYZEOBENTKBRK_nimh-3952_DELIM-OEXCUYUWYZEOBENTKBRK_2020                                          2.28%    passed     99.90%
  87  Iran_DELIM-OEXCUYUWYZEOBENTKBRK_HGRC-1.1-IPI-8206_DELIM-OEXCUYUWYZEOBENTKBRK_2020                                   0.53%    passed     99.99%
  88  Japan_DELIM-OEXCUYUWYZEOBENTKBRK_P4-6_DELIM-OEXCUYUWYZEOBENTKBRK_2020                                               0.53%    passed    100.00%
  89  Jamaica_DELIM-OEXCUYUWYZEOBENTKBRK_JM-CDC-7286_DELIM-OEXCUYUWYZEOBENTKBRK_2020                                      0.53%    passed    100.00%
  90  Malaysia_DELIM-OEXCUYUWYZEOBENTKBRK_189332_DELIM-OEXCUYUWYZEOBENTKBRK_2020                                          0.53%    passed    100.00%
  91  Spain_DELIM-OEXCUYUWYZEOBENTKBRK_Valencia002_DELIM-OEXCUYUWYZEOBENTKBRK_2020                                        5.89%    passed     99.20%
  92  Spain_DELIM-OEXCUYUWYZEOBENTKBRK_Valencia22_DELIM-OEXCUYUWYZEOBENTKBRK_2020                                         4.44%    passed     99.67%
  93  Spain_DELIM-OEXCUYUWYZEOBENTKBRK_Valencia003_DELIM-OEXCUYUWYZEOBENTKBRK_2020                                        0.59%    passed     99.99%
  94  Spain_DELIM-OEXCUYUWYZEOBENTKBRK_Valencia8_DELIM-OEXCUYUWYZEOBENTKBRK_2020                                          0.58%    passed     99.99%
  95  SriLanka_DELIM-OEXCUYUWYZEOBENTKBRK_COV38_DELIM-OEXCUYUWYZEOBENTKBRK_2020                                           0.53%    passed     99.99%
  96  Taiwan_DELIM-OEXCUYUWYZEOBENTKBRK_CGMH-CGU-07_DELIM-OEXCUYUWYZEOBENTKBRK_2020                                       0.53%    passed     99.99%
  97  Thailand_DELIM-OEXCUYUWYZEOBENTKBRK_SI200615-NT_DELIM-OEXCUYUWYZEOBENTKBRK_2020                                     0.89%    passed     99.92%
  98  Thailand_DELIM-OEXCUYUWYZEOBENTKBRK_SI204487-NT_DELIM-OEXCUYUWYZEOBENTKBRK_2020                                     0.88%    passed     99.96%
  99  Thailand_DELIM-OEXCUYUWYZEOBENTKBRK_SI204512-NT_DELIM-OEXCUYUWYZEOBENTKBRK_2020                                     0.93%    passed     99.96%
 100  Thailand_DELIM-OEXCUYUWYZEOBENTKBRK_SI204514-NT_DELIM-OEXCUYUWYZEOBENTKBRK_2020                                     0.59%    passed    100.00%
 101  USA_DELIM-OEXCUYUWYZEOBENTKBRK_AK178_DELIM-OEXCUYUWYZEOBENTKBRK_2020                                                0.53%    passed    100.00%
 102  USA_DELIM-OEXCUYUWYZEOBENTKBRK_CA-CZB-1033_DELIM-OEXCUYUWYZEOBENTKBRK_2020                                          0.53%    passed     99.99%
 103  USA_DELIM-OEXCUYUWYZEOBENTKBRK_CA-CZB-1045_DELIM-OEXCUYUWYZEOBENTKBRK_2020                                          0.53%    passed     99.98%
 104  USA_DELIM-OEXCUYUWYZEOBENTKBRK_CA-CZB-1092_DELIM-OEXCUYUWYZEOBENTKBRK_2020                                          0.53%    passed     99.98%
 105  USA_DELIM-OEXCUYUWYZEOBENTKBRK_CA-CZB-1085_DELIM-OEXCUYUWYZEOBENTKBRK_2020                                          0.53%    passed     99.98%
 106  USA_DELIM-OEXCUYUWYZEOBENTKBRK_CA-CZB-1114_DELIM-OEXCUYUWYZEOBENTKBRK_2020                                          8.05%    passed     97.22%
 107  USA_DELIM-OEXCUYUWYZEOBENTKBRK_CA-CZB-1136_DELIM-OEXCUYUWYZEOBENTKBRK_2020                                          0.53%    passed    100.00%
 108  USA_DELIM-OEXCUYUWYZEOBENTKBRK_CA-CZB-1219_DELIM-OEXCUYUWYZEOBENTKBRK_2020                                          0.53%    passed     99.99%
 109  USA_DELIM-OEXCUYUWYZEOBENTKBRK_CA-CZB-1223_DELIM-OEXCUYUWYZEOBENTKBRK_2020                                          0.53%    passed    100.00%
 110  USA_DELIM-OEXCUYUWYZEOBENTKBRK_CT-UW-5773_DELIM-OEXCUYUWYZEOBENTKBRK_2020                                           0.53%    passed    100.00%
 111  USA_DELIM-OEXCUYUWYZEOBENTKBRK_FL_5125_DELIM-OEXCUYUWYZEOBENTKBRK_2020                                              0.53%    passed    100.00%
 112  USA_DELIM-OEXCUYUWYZEOBENTKBRK_ID-UW-4547_DELIM-OEXCUYUWYZEOBENTKBRK_2020                                           2.27%    passed     93.87%
 113  USA_DELIM-OEXCUYUWYZEOBENTKBRK_GA_2742_DELIM-OEXCUYUWYZEOBENTKBRK_2020                                              0.53%    passed    100.00%
 114  USA_DELIM-OEXCUYUWYZEOBENTKBRK_LA-BIE-072_DELIM-OEXCUYUWYZEOBENTKBRK_2020                                           4.25%    passed     99.93%
 115  USA_DELIM-OEXCUYUWYZEOBENTKBRK_IN_2001_DELIM-OEXCUYUWYZEOBENTKBRK_2020                                              0.53%    passed    100.00%
 116  USA_DELIM-OEXCUYUWYZEOBENTKBRK_LA-EVTL01_DELIM-OEXCUYUWYZEOBENTKBRK_2020                                            0.53%    passed    100.00%
 117  USA_DELIM-OEXCUYUWYZEOBENTKBRK_MA_8933_DELIM-OEXCUYUWYZEOBENTKBRK_2020                                              0.53%    passed    100.00%
 118  USA_DELIM-OEXCUYUWYZEOBENTKBRK_MI-MDHHS-SC20062_DELIM-OEXCUYUWYZEOBENTKBRK_2020                                     1.56%    passed     99.91%
 119  USA_DELIM-OEXCUYUWYZEOBENTKBRK_MI-MDHHS-SC20123_DELIM-OEXCUYUWYZEOBENTKBRK_2020                                     2.85%    passed     99.49%
 120  USA_DELIM-OEXCUYUWYZEOBENTKBRK_MI-MDHHS-SC20357_DELIM-OEXCUYUWYZEOBENTKBRK_2020                                     0.66%    passed     99.99%
 121  USA_DELIM-OEXCUYUWYZEOBENTKBRK_MI-MDHHS-SC20389_DELIM-OEXCUYUWYZEOBENTKBRK_2020                                     4.46%    passed     97.96%
 122  USA_DELIM-OEXCUYUWYZEOBENTKBRK_NY-PV09121_DELIM-OEXCUYUWYZEOBENTKBRK_2020                                           1.71%    passed     99.96%
 123  USA_DELIM-OEXCUYUWYZEOBENTKBRK_NY-PV09152_DELIM-OEXCUYUWYZEOBENTKBRK_2020                                           1.31%    passed     99.93%
 124  USA_DELIM-OEXCUYUWYZEOBENTKBRK_USA-WA_0480_DELIM-OEXCUYUWYZEOBENTKBRK_2020                                          0.53%    passed     99.99%
 125  USA_DELIM-OEXCUYUWYZEOBENTKBRK_UT-00291_DELIM-OEXCUYUWYZEOBENTKBRK_2020                                             2.27%    passed     99.83%
 126  USA_DELIM-OEXCUYUWYZEOBENTKBRK_VA-DCLS-0188_DELIM-OEXCUYUWYZEOBENTKBRK_2020                                         0.53%    passed    100.00%
 127  USA_DELIM-OEXCUYUWYZEOBENTKBRK_VA-DCLS-0185_DELIM-OEXCUYUWYZEOBENTKBRK_2020                                         0.53%    passed    100.00%
 128  USA_DELIM-OEXCUYUWYZEOBENTKBRK_WA-UW-1296_DELIM-OEXCUYUWYZEOBENTKBRK_2020                                           0.53%    passed    100.00%
 129  USA_DELIM-OEXCUYUWYZEOBENTKBRK_VA-DCLS-0197_DELIM-OEXCUYUWYZEOBENTKBRK_2020                                         0.53%    passed    100.00%
 130  USA_DELIM-OEXCUYUWYZEOBENTKBRK_WA-UW-3889_DELIM-OEXCUYUWYZEOBENTKBRK_2020                                           0.68%    passed    100.00%
 131  USA_DELIM-OEXCUYUWYZEOBENTKBRK_WA-UW-5025_DELIM-OEXCUYUWYZEOBENTKBRK_2020                                           0.67%    passed     99.98%
 132  USA_DELIM-OEXCUYUWYZEOBENTKBRK_WA-UW-6162_DELIM-OEXCUYUWYZEOBENTKBRK_2020                                           0.54%    passed     99.99%
 133  USA_DELIM-OEXCUYUWYZEOBENTKBRK_WA-UW-5169_DELIM-OEXCUYUWYZEOBENTKBRK_2020                                           0.53%    passed    100.00%
 134  USA_DELIM-OEXCUYUWYZEOBENTKBRK_WA-UW-6491_DELIM-OEXCUYUWYZEOBENTKBRK_2020                                           0.53%    passed    100.00%
 135  USA_DELIM-OEXCUYUWYZEOBENTKBRK_WA-UW259_DELIM-OEXCUYUWYZEOBENTKBRK_2020                                             0.53%    passed    100.00%
 136  USA_DELIM-OEXCUYUWYZEOBENTKBRK_WA-UW340_DELIM-OEXCUYUWYZEOBENTKBRK_2020                                             0.54%    passed    100.00%
 137  USA_DELIM-OEXCUYUWYZEOBENTKBRK_WA-UW265_DELIM-OEXCUYUWYZEOBENTKBRK_2020                                             0.53%    passed    100.00%
 138  USA_DELIM-OEXCUYUWYZEOBENTKBRK_WA-UW42_DELIM-OEXCUYUWYZEOBENTKBRK_2020                                              0.63%    passed     99.99%
 139  USA_DELIM-OEXCUYUWYZEOBENTKBRK_WA-UW46_DELIM-OEXCUYUWYZEOBENTKBRK_2020                                              0.53%    passed     99.99%
 140  USA_DELIM-OEXCUYUWYZEOBENTKBRK_WA1_DELIM-OEXCUYUWYZEOBENTKBRK_2020                                                  0.53%    passed     99.99%
 141  USA_DELIM-OEXCUYUWYZEOBENTKBRK_WA4-UW2_DELIM-OEXCUYUWYZEOBENTKBRK_2020                                              0.53%    passed     99.99%
 142  USA_DELIM-OEXCUYUWYZEOBENTKBRK_WA_5030_DELIM-OEXCUYUWYZEOBENTKBRK_2020                                              0.53%    passed     99.99%
 143  USA_DELIM-OEXCUYUWYZEOBENTKBRK_WI-UW-261_DELIM-OEXCUYUWYZEOBENTKBRK_2020                                            0.58%    passed    100.00%
 144  USA_DELIM-OEXCUYUWYZEOBENTKBRK_WI-UW-266_DELIM-OEXCUYUWYZEOBENTKBRK_2020                                            0.58%    passed     99.98%
 145  USA_DELIM-OEXCUYUWYZEOBENTKBRK_WI-UW-351_DELIM-OEXCUYUWYZEOBENTKBRK_2020                                            0.58%    passed     99.99%
 146  USA_DELIM-OEXCUYUWYZEOBENTKBRK_WI-UW-360_DELIM-OEXCUYUWYZEOBENTKBRK_2020                                            0.58%    passed    100.00%
 147  Vietnam_DELIM-OEXCUYUWYZEOBENTKBRK_nCoV-19-02S_DELIM-OEXCUYUWYZEOBENTKBRK_2020                                      0.53%    passed     99.99%
 148  Wuhan_DELIM-OEXCUYUWYZEOBENTKBRK_IPBCAMS-WH-03_DELIM-OEXCUYUWYZEOBENTKBRK_2019                                      0.53%    passed     99.97%
 149  Uruguay_DELIM-OEXCUYUWYZEOBENTKBRK_Mdeo-1_DELIM-OEXCUYUWYZEOBENTKBRK_2020                                           0.53%    passed    100.00%
 150  mink_DELIM-OEXCUYUWYZEOBENTKBRK_Netherlands_DELIM-OEXCUYUWYZEOBENTKBRK_NB02_06KS_DELIM-OEXCUYUWYZEOBENTKBRK_2020    0.54%    passed     99.95%
 151  mink_DELIM-OEXCUYUWYZEOBENTKBRK_Netherlands_DELIM-OEXCUYUWYZEOBENTKBRK_NB01_01KS_DELIM-OEXCUYUWYZEOBENTKBRK_2020    0.97%    passed     99.96%
****  TOTAL                                                                                                               1.16%  0 sequences failed composition chi2 test (p-value<5%; df=3)
NOTE: France_DELIM-OEXCUYUWYZEOBENTKBRK_10060KV_DELIM-OEXCUYUWYZEOBENTKBRK_2020 is identical to Wuhan_DELIM-OEXCUYUWYZEOBENTKBRK_Hu-1_DELIM-OEXCUYUWYZEOBENTKBRK_2019 but kept for subsequent analysis
NOTE: USA_DELIM-OEXCUYUWYZEOBENTKBRK_WA4-UW2_DELIM-OEXCUYUWYZEOBENTKBRK_2020 is identical to ENV_DELIM-OEXCUYUWYZEOBENTKBRK_USA_DELIM-OEXCUYUWYZEOBENTKBRK_UF-11_DELIM-OEXCUYUWYZEOBENTKBRK_2020 but kept for subsequent analysis
NOTE: France_DELIM-OEXCUYUWYZEOBENTKBRK_10078MA_DELIM-OEXCUYUWYZEOBENTKBRK_2020 is identical to France_DELIM-OEXCUYUWYZEOBENTKBRK_10006HC_DELIM-OEXCUYUWYZEOBENTKBRK_2020 but kept for subsequent analysis
NOTE: France_DELIM-OEXCUYUWYZEOBENTKBRK_40003KA_DELIM-OEXCUYUWYZEOBENTKBRK_2020 is identical to France_DELIM-OEXCUYUWYZEOBENTKBRK_10015BY_DELIM-OEXCUYUWYZEOBENTKBRK_2020 but kept for subsequent analysis
NOTE: Greece_DELIM-OEXCUYUWYZEOBENTKBRK_259_31928_DELIM-OEXCUYUWYZEOBENTKBRK_2020 is identical to Greece_DELIM-OEXCUYUWYZEOBENTKBRK_139_32716_DELIM-OEXCUYUWYZEOBENTKBRK_2020 but kept for subsequent analysis
NOTE: USA_DELIM-OEXCUYUWYZEOBENTKBRK_CA-CZB-1085_DELIM-OEXCUYUWYZEOBENTKBRK_2020 is identical to USA_DELIM-OEXCUYUWYZEOBENTKBRK_CA-CZB-1045_DELIM-OEXCUYUWYZEOBENTKBRK_2020 but kept for subsequent analysis
Checking for duplicate sequences: done in 0.000818014 secs using 171% CPU
Identifying sites to remove: done in 0.0517869 secs using 195.7% CPU
NOTE: 2 identical sequences (see below) will be ignored for subsequent analysis
NOTE: USA_DELIM-OEXCUYUWYZEOBENTKBRK_WA-UW259_DELIM-OEXCUYUWYZEOBENTKBRK_2020 (identical to France_DELIM-OEXCUYUWYZEOBENTKBRK_10015BY_DELIM-OEXCUYUWYZEOBENTKBRK_2020) is ignored but added at the end
NOTE: Greece_DELIM-OEXCUYUWYZEOBENTKBRK_37_35684_DELIM-OEXCUYUWYZEOBENTKBRK_2020 (identical to Greece_DELIM-OEXCUYUWYZEOBENTKBRK_139_32716_DELIM-OEXCUYUWYZEOBENTKBRK_2020) is ignored but added at the end
Alignment was printed to results/global/masked_masked-delim.fasta.uniqueseq.phy

For your convenience alignment with unique sequences printed to results/global/masked_masked-delim.fasta.uniqueseq.phy

Create initial parsimony tree by phylogenetic likelihood library (PLL)... 0.003 seconds

NOTE: 5 MB RAM (0 GB) is required!
Estimate model parameters (epsilon = 0.500)
1. Initial log-likelihood: -49075.009
2. Current log-likelihood: -48550.789
3. Current log-likelihood: -48447.699
Optimal log-likelihood: -48447.696
Rate parameters:  A-C: 0.12772  A-G: 1.34125  A-T: 0.08414  C-G: 0.27860  C-T: 4.15926  G-T: 1.00000
Base frequencies:  A: 0.299  C: 0.184  G: 0.196  T: 0.321
Parameters optimization took 3 rounds (0.374 sec)
Wrote distance file to... 
Computing ML distances based on estimated model parameters...
Calculating distance matrix: done in 0.064707 secs using 194.9% CPU
Computing ML distances took 0.065523 sec (of wall-clock time) 0.127123 sec (of CPU time)
Setting up auxiliary I and S matrices: done in 0.00031805 secs using 156.3% CPU
Constructing RapidNJ tree: done in 0.00293612 secs using 243.9% CPU
Computing RapidNJ tree took 0.003341 sec (of wall-clock time) 0.008280 sec (of CPU time)
Log-likelihood of RapidNJ tree: -43668.626
--------------------------------------------------------------------
|             INITIALIZING CANDIDATE TREE SET                      |
--------------------------------------------------------------------
Generating 8 parsimony trees... 0.037 second
Computing log-likelihood of 8 initial trees ... 0.139 seconds
Current best score: -43668.626

Do NNI search on 2 best initial trees
Optimizing NNI: done in 0.076484 secs using 195.7% CPU
BETTER TREE FOUND at iteration 1: -43668.624
Optimizing NNI: done in 0.781232 secs using 195.2% CPU
Finish initializing candidate tree set (12)
Current best tree score: -43668.624 / CPU time: 1.045
Number of iterations: 2
--------------------------------------------------------------------
|               OPTIMIZING CANDIDATE TREE SET                      |
--------------------------------------------------------------------
Optimizing NNI: done in 0.279936 secs using 167.3% CPU
Optimizing NNI: done in 0.130801 secs using 196.7% CPU
TREE SEARCH COMPLETED AFTER 4 ITERATIONS / Time: 0h:0m:2s

--------------------------------------------------------------------
|                    FINALIZING TREE SEARCH                        |
--------------------------------------------------------------------
Performs final model parameters optimization
Estimate model parameters (epsilon = 0.050)
1. Initial log-likelihood: -43668.624
2. Current log-likelihood: -43664.160
Optimal log-likelihood: -43664.159
Rate parameters:  A-C: 0.20764  A-G: 1.09230  A-T: 0.13153  C-G: 0.22233  C-T: 3.30899  G-T: 1.00000
Base frequencies:  A: 0.299  C: 0.184  G: 0.196  T: 0.321
Parameters optimization took 2 rounds (0.137 sec)
BEST SCORE FOUND : -43664.159
Total tree length: 0.011

Total number of iterations: 4
CPU time used for tree search: 2.923 sec (0h:0m:2s)
Wall-clock time used for tree search: 1.486 sec (0h:0m:1s)
Total CPU time used: 4.258 sec (0h:0m:4s)
Total wall-clock time used: 2.156 sec (0h:0m:2s)

Analysis results written to: 
  IQ-TREE report:                results/global/masked_masked-delim.fasta.iqtree
  Maximum-likelihood tree:       results/global/masked_masked-delim.fasta.treefile
  Likelihood distances:          results/global/masked_masked-delim.fasta.mldist
  Screen log file:               results/global/masked_masked-delim.fasta.log

Date and Time: Sat Dec 25 08:24:49 2021
